<?xml version="1.0" encoding="UTF-8"?>
<!-- Generated by org.testng.reporters.JUnitXMLReporter -->
<testsuite hostname="LAPTOP-41741T4J" ignored="1" name="GoogleHomePage" tests="2" failures="0" timestamp="2022-09-21T15:29:22 IST" time="34.534" errors="0">
  <testcase name="TestGoogle" time="25.734" classname="com.Pack1.FirstTest"/>
  <testcase name="openSite" time="8.656" classname="com.Pack1.FirstTest"/>
  <testcase name="CloseBrowser" time="0.0" classname="com.Pack1.FirstTest">
    <ignored/>
  </testcase> <!-- CloseBrowser -->
</testsuite> <!-- GoogleHomePage -->
