<?xml version="1.0" encoding="UTF-8"?>
<testng-results skipped="0" failed="0" total="1" passed="1">
  <reporter-output>
  </reporter-output>
  <suite name="Default suite" duration-ms="61736" started-at="2022-09-24T05:08:59Z" finished-at="2022-09-24T05:10:00Z">
    <groups>
    </groups>
    <test name="Default test" duration-ms="61736" started-at="2022-09-24T05:08:59Z" finished-at="2022-09-24T05:10:00Z">
      <class name="excelReading.ActitimeExcelData">
        <test-method status="PASS" signature="getData()[pri:0, instance:excelReading.ActitimeExcelData@1f0f1111]" name="getData" is-config="true" duration-ms="1984" started-at="2022-09-24T10:38:59Z" finished-at="2022-09-24T10:39:01Z">
          <reporter-output>
          </reporter-output>
        </test-method> <!-- getData -->
        <test-method status="PASS" signature="actitimeLogin()[pri:0, instance:excelReading.ActitimeExcelData@1f0f1111]" name="actitimeLogin" duration-ms="57220" started-at="2022-09-24T10:39:01Z" finished-at="2022-09-24T10:39:58Z">
          <reporter-output>
          </reporter-output>
        </test-method> <!-- actitimeLogin -->
        <test-method status="PASS" signature="cleanup()[pri:0, instance:excelReading.ActitimeExcelData@1f0f1111]" name="cleanup" is-config="true" duration-ms="2511" started-at="2022-09-24T10:39:58Z" finished-at="2022-09-24T10:40:00Z">
          <reporter-output>
          </reporter-output>
        </test-method> <!-- cleanup -->
      </class> <!-- excelReading.ActitimeExcelData -->
    </test> <!-- Default test -->
  </suite> <!-- Default suite -->
</testng-results>
