<?xml version="1.0" encoding="UTF-8" ?>
<testsuite tests="64" failures="5" name="TestSuite" time="187.525" errors="0" skipped="2">
  <properties>
[...]
</properties>
  <testcase classname="actitimeTestNG.Actitime_enabled" name="createTask" time="0.017"/>
  <testcase classname="actitimeTestNG.Actitime_enabled" name="openBrowserAndAppURL" time="0.19"/>
  <testcase classname="pageObjectModel.TestContactPage" name="testContactsCreation" time="0"/>
  <testcase classname="pageObjectModel.TestContactPage" name="testDeletionCreation" time="0"/>
  <testcase classname="dataProvider.Test1" name="loginVtiger" time="36.403"/>
  <testcase classname="dataProvider.Test1" name="loginVtiger" time="59.524"/>
  <testcase classname="dataProvider.DataProvider1" name="test1" time="0"/>
  <testcase classname="dataProvider.DataProvider1" name="test1" time="0"/>
  <testcase classname="excelReading.ExcelReading" name="getCellData" time="0.979"/>
  <testcase classname="excelReading.ExcelReading" name="getCellDetails" time="0.087"/>
  <testcase classname="excelReading.ExcelReading" name="getRowDetails" time="0.059"/>
  <testcase classname="excelReading.ExcelReading" name="readSheetDetails" time="0.043"/>
  <testcase classname="excelReading.UpdateExcel" name="updateExcel" time="0.051">
    <failure type="java.lang.NullPointerException">java.lang.NullPointerException
	at excelReading.UpdateExcel.updateExcel(UpdateExcel.java:23)
</failure>
  </testcase>
  <testcase classname="retryAnalyzer.MyTest" name="Test1" time="0"/>
  <testcase classname="retryAnalyzer.MyTest" name="Test2" time="0"/>
  <testcase classname="anotation.AnoalwaysRun" name="test1" time="0">
    <failure message="expected [true] but found [false]" type="java.lang.AssertionError">java.lang.AssertionError: expected [true] but found [false]
	at org.testng.Assert.fail(Assert.java:94)
	at org.testng.Assert.failNotEquals(Assert.java:513)
	at org.testng.Assert.assertTrue(Assert.java:42)
	at org.testng.Assert.assertTrue(Assert.java:52)
	at anotation.AnoalwaysRun.test1(AnoalwaysRun.java:9)
</failure>
  </testcase>
  <testcase classname="anotation.AnoalwaysRun" name="test2" time="0">
    <failure message="Method fail" type="java.lang.AssertionError">java.lang.AssertionError: Method fail
	at org.testng.Assert.fail(Assert.java:94)
	at anotation.AnoalwaysRun.test2(AnoalwaysRun.java:14)
</failure>
  </testcase>
  <testcase classname="anotation.AnoalwaysRun" name="test4" time="0"/>
  <testcase classname="dataProvider.IncludeExclude" name="addDepartmentTestCase" time="0"/>
  <testcase classname="dataProvider.IncludeExclude" name="addEmployeeTestCase" time="0.001"/>
  <testcase classname="dataProvider.IncludeExclude" name="addLocationTestCase" time="0"/>
  <testcase classname="sample.NewTest" name="testCase1" time="31.401"/>
  <testcase classname="actitimeTestNG.Actitime_ExceptionAndTimeout" name="dividedByZeroExample1" time="0"/>
  <testcase classname="actitimeTestNG.Actitime_ExceptionAndTimeout" name="executetimeOut" time="0.008"/>
  <testcase classname="report.TestReport" name="ReportTest1" time="26.454"/>
  <testcase classname="actitimeTestNG.Actitime_Timeout" name="openBrowserAndAppURL" time="0.196"/>
  <testcase classname="actitimeTestNG.Actitime_Dependson" name="createTask" time="0"/>
  <testcase classname="actitimeTestNG.Actitime_Dependson" name="logoutClose" time="0"/>
  <testcase classname="actitimeTestNG.Actitime_Dependson" name="openBrowserAndAppURL" time="0">
    <failure message="/ by zero" type="java.lang.ArithmeticException">java.lang.ArithmeticException: / by zero
	at actitimeTestNG.Actitime_Dependson.openBrowserAndAppURL(Actitime_Dependson.java:9)
</failure>
  </testcase>
  <testcase classname="anotation.AnoDependencies" name="test1" time="0"/>
  <testcase classname="anotation.AnoDependencies" name="test2" time="0"/>
  <testcase classname="dataProvider.GroupExample" name="Addition" time="0"/>
  <testcase classname="dataProvider.GroupExample" name="Division" time="0"/>
  <testcase classname="dataProvider.GroupExample" name="Modulus" time="0"/>
  <testcase classname="dataProvider.GroupExample" name="Multiplication" time="0"/>
  <testcase classname="dataProvider.GroupExample" name="Percentage" time="0"/>
  <testcase classname="dataProvider.GroupExample" name="Substraction" time="0"/>
  <testcase classname="retryAnalyzer.RuntimeRetry" name="Test1" time="0.001"/>
  <testcase classname="retryAnalyzer.RuntimeRetry" name="Test2" time="0.001">
    <failure message="expected [true] but found [false]" type="java.lang.AssertionError">java.lang.AssertionError: expected [true] but found [false]
	at org.testng.Assert.fail(Assert.java:94)
	at org.testng.Assert.failNotEquals(Assert.java:513)
	at org.testng.Assert.assertEqualsImpl(Assert.java:135)
	at org.testng.Assert.assertEquals(Assert.java:116)
	at org.testng.Assert.assertEquals(Assert.java:305)
	at org.testng.Assert.assertEquals(Assert.java:315)
	at retryAnalyzer.RuntimeRetry.Test2(RuntimeRetry.java:14)
</failure>
  </testcase>
  <testcase classname="anotation.simpleTest" name="test1" time="0"/>
  <testcase classname="anotation.simpleTest" name="test2" time="0"/>
  <testcase classname="dropDown.DynamicDropDown" name="makemytrip" time="0"/>
  <testcase classname="dropDown.DynamicDropDown" name="start" time="32.105"/>
  <testcase classname="sample.Sample1" name="test" time="0.002"/>
  <testcase classname="sample.Sample2" name="compose" time="0"/>
  <testcase classname="sample.Sample2" name="login" time="0"/>
  <testcase classname="sample.Sample2" name="signUp" time="0"/>
  <testcase classname="actitimeTestNG.Actitime_InvocationCount" name="openBrowserAndAppURL" time="0"/>
  <testcase classname="actitimeTestNG.Actitime_InvocationCount" name="openBrowserAndAppURL" time="0"/>
  <testcase classname="actitimeTestNG.Actitime_InvocationCount" name="openBrowserAndAppURL" time="0"/>
  <testcase classname="actitimeTestNG.Actitime_InvocationCount" name="openBrowserAndAppURL" time="0"/>
  <testcase classname="actitimeTestNG.Actitime_InvocationCount" name="openBrowserAndAppURL" time="0"/>
  <testcase classname="sample.Sample3" name="a_signUp" time="0"/>
  <testcase classname="sample.Sample3" name="b_login" time="0.001"/>
  <testcase classname="sample.Sample3" name="c_compose" time="0"/>
  <testcase classname="anotation.AnoPriority" name="test1" time="0"/>
  <testcase classname="anotation.AnoPriority" name="test3" time="0"/>
  <testcase classname="actitimeTestNG.Actitime_Priority" name="openBrowserAndAppURL" time="0"/>
  <testcase classname="actitimeTestNG.Actitime_Priority" name="login" time="0"/>
  <testcase classname="actitimeTestNG.Actitime_Priority" name="createTask" time="0"/>
  <testcase classname="actitimeTestNG.Actitime_Priority" name="logoutClose" time="0"/>
  <testcase classname="anotation.AnoalwaysRun" name="test3" time="0.001">
    <skipped/>
  </testcase>
  <testcase classname="actitimeTestNG.Actitime_Dependson" name="login" time="0.001">
    <skipped/>
  </testcase>
  <testcase classname="anotation.AnoDependencies" name="test3" time="0"/>
</testsuite>