<?xml version="1.0" encoding="UTF-8"?>
<testsuite xmlns:xsi="http://www.w3.org/2001/XMLSchema-instance" xsi:noNamespaceSchemaLocation="https://maven.apache.org/surefire/maven-surefire-plugin/xsd/surefire-test-report-3.0.xsd" version="3.0" name="TestSuite" time="230.454" tests="2" errors="0" skipped="2" failures="0">
  <properties>
[...]
</properties>
  <testcase name="purchaseProduct[kigs12dk@gmail.com, Deva123, Kishna Deva](1)" classname="com.mystore.testCases.TC_MyAccountPageTestDataDrivenTesting" time="0">
    <skipped message="no such element: Unable to locate element: {&quot;method&quot;:&quot;css selector&quot;,&quot;selector&quot;:&quot;#cgv&quot;}&#10;  (Session info: chrome=106.0.5249.119)&#10;For documentation on this error, please visit: https://www.seleniumhq.org/exceptions/no_such_element.html&#10;Build info: version: &apos;3.141.59&apos;, revision: &apos;e82be7d358&apos;, time: &apos;2018-11-14T08:17:03&apos;&#10;System info: host: &apos;LAPTOP-41741T4J&apos;, ip: &apos;192.168.137.1&apos;, os.name: &apos;Windows 10&apos;, os.arch: &apos;amd64&apos;, os.version: &apos;10.0&apos;, java.version: &apos;11.0.16.1&apos;&#10;Driver info: org.openqa.selenium.chrome.ChromeDriver&#10;Capabilities {acceptInsecureCerts: false, browserName: chrome, browserVersion: 106.0.5249.119, chrome: {chromedriverVersion: 106.0.5249.61 (511755355844..., userDataDir: C:\Users\KIRAN\AppData\Loca...}, goog:chromeOptions: {debuggerAddress: localhost:49224}, javascriptEnabled: true, networkConnectionEnabled: false, pageLoadStrategy: normal, platform: WINDOWS, platformName: WINDOWS, proxy: Proxy(), setWindowRect: true, strictFileInteractability: false, timeouts: {implicit: 0, pageLoad: 300000, script: 30000}, unhandledPromptBehavior: dismiss and notify, webauthn:extension:credBlob: true, webauthn:extension:largeBlob: true, webauthn:virtualAuthenticators: true}&#10;Session ID: 3200d58c993250d0dcecb53ff8660fee&#10;*** Element info: {Using=id, value=cgv}"/>
    <system-out><![CDATA[On Start method invoked....
[INFO ] 2022-10-20 18:50:09.186 [main] MavenProject - url opened
[DEBUG] 2022-10-20 18:50:10.563 [main] PackageRelationshipCollection - Parsing relationship: /xl/_rels/workbook.xml.rels
[DEBUG] 2022-10-20 18:50:10.563 [main] PackageRelationshipCollection - Parsing relationship: /_rels/.rels
[DEBUG] 2022-10-20 18:50:14.636 [main] PackageRelationshipCollection - Parsing relationship: /xl/_rels/workbook.xml.rels
[DEBUG] 2022-10-20 18:50:14.636 [main] PackageRelationshipCollection - Parsing relationship: /_rels/.rels
[DEBUG] 2022-10-20 18:50:14.699 [main] PackageRelationshipCollection - Parsing relationship: /xl/_rels/workbook.xml.rels
[DEBUG] 2022-10-20 18:50:14.699 [main] PackageRelationshipCollection - Parsing relationship: /_rels/.rels
[DEBUG] 2022-10-20 18:50:14.730 [main] PackageRelationshipCollection - Parsing relationship: /xl/_rels/workbook.xml.rels
[DEBUG] 2022-10-20 18:50:14.730 [main] PackageRelationshipCollection - Parsing relationship: /_rels/.rels
[DEBUG] 2022-10-20 18:50:14.902 [main] PackageRelationshipCollection - Parsing relationship: /xl/_rels/workbook.xml.rels
[DEBUG] 2022-10-20 18:50:14.902 [main] PackageRelationshipCollection - Parsing relationship: /_rels/.rels
[DEBUG] 2022-10-20 18:50:14.933 [main] PackageRelationshipCollection - Parsing relationship: /xl/_rels/workbook.xml.rels
[DEBUG] 2022-10-20 18:50:14.933 [main] PackageRelationshipCollection - Parsing relationship: /_rels/.rels
Name of test method started:purchaseProduct
[INFO ] 2022-10-20 18:50:55.665 [main] MavenProject - Clicked on sign in link
[INFO ] 2022-10-20 18:51:22.307 [main] MavenProject - Sign in successful
[INFO ] 2022-10-20 18:51:27.961 [main] MavenProject - Clicked on TShirt
[INFO ] 2022-10-20 18:51:36.879 [main] MavenProject - Clicked on More
[INFO ] 2022-10-20 18:51:49.858 [main] MavenProject - TShirt added in Cart
[INFO ] 2022-10-20 18:51:56.252 [main] MavenProject - Clicked on Proceed to checkout
[INFO ] 2022-10-20 18:52:05.875 [main] MavenProject - Clicked on Proceed to checkout
Name of test method skipped:purchaseProduct
]]></system-out>
    <system-err><![CDATA[SLF4J: Failed to load class "org.slf4j.impl.StaticLoggerBinder".
SLF4J: Defaulting to no-operation (NOP) logger implementation
SLF4J: See http://www.slf4j.org/codes.html#StaticLoggerBinder for further details.
Starting ChromeDriver 106.0.5249.61 (511755355844955cd3e264779baf0dd38212a4d0-refs/branch-heads/5249@{#569}) on port 37512
Only local connections are allowed.
Please see https://chromedriver.chromium.org/security-considerations for suggestions on keeping ChromeDriver safe.
ChromeDriver was started successfully.
Oct 20, 2022 6:50:02 PM org.openqa.selenium.remote.ProtocolHandshake createSession
INFO: Detected dialect: W3C
]]></system-err>
  </testcase>
  <testcase name="purchaseProduct[kigs12dk@gmail.com, Deva123, Kishna Deva](2)" classname="com.mystore.testCases.TC_MyAccountPageTestDataDrivenTesting" time="0">
    <skipped message="no such element: Unable to locate element: {&quot;method&quot;:&quot;link text&quot;,&quot;selector&quot;:&quot;Sign in&quot;}&#10;  (Session info: chrome=106.0.5249.119)&#10;For documentation on this error, please visit: https://www.seleniumhq.org/exceptions/no_such_element.html&#10;Build info: version: &apos;3.141.59&apos;, revision: &apos;e82be7d358&apos;, time: &apos;2018-11-14T08:17:03&apos;&#10;System info: host: &apos;LAPTOP-41741T4J&apos;, ip: &apos;192.168.137.1&apos;, os.name: &apos;Windows 10&apos;, os.arch: &apos;amd64&apos;, os.version: &apos;10.0&apos;, java.version: &apos;11.0.16.1&apos;&#10;Driver info: org.openqa.selenium.chrome.ChromeDriver&#10;Capabilities {acceptInsecureCerts: false, browserName: chrome, browserVersion: 106.0.5249.119, chrome: {chromedriverVersion: 106.0.5249.61 (511755355844..., userDataDir: C:\Users\KIRAN\AppData\Loca...}, goog:chromeOptions: {debuggerAddress: localhost:49224}, javascriptEnabled: true, networkConnectionEnabled: false, pageLoadStrategy: normal, platform: WINDOWS, platformName: WINDOWS, proxy: Proxy(), setWindowRect: true, strictFileInteractability: false, timeouts: {implicit: 0, pageLoad: 300000, script: 30000}, unhandledPromptBehavior: dismiss and notify, webauthn:extension:credBlob: true, webauthn:extension:largeBlob: true, webauthn:virtualAuthenticators: true}&#10;Session ID: 3200d58c993250d0dcecb53ff8660fee&#10;*** Element info: {Using=link text, value=Sign in}"/>
    <system-out><![CDATA[[DEBUG] 2022-10-20 18:52:36.224 [main] PackageRelationshipCollection - Parsing relationship: /xl/_rels/workbook.xml.rels
[DEBUG] 2022-10-20 18:52:36.224 [main] PackageRelationshipCollection - Parsing relationship: /_rels/.rels
[DEBUG] 2022-10-20 18:52:36.255 [main] PackageRelationshipCollection - Parsing relationship: /xl/_rels/workbook.xml.rels
[DEBUG] 2022-10-20 18:52:36.255 [main] PackageRelationshipCollection - Parsing relationship: /_rels/.rels
[DEBUG] 2022-10-20 18:52:36.287 [main] PackageRelationshipCollection - Parsing relationship: /xl/_rels/workbook.xml.rels
[DEBUG] 2022-10-20 18:52:36.287 [main] PackageRelationshipCollection - Parsing relationship: /_rels/.rels
[DEBUG] 2022-10-20 18:52:36.302 [main] PackageRelationshipCollection - Parsing relationship: /xl/_rels/workbook.xml.rels
[DEBUG] 2022-10-20 18:52:36.302 [main] PackageRelationshipCollection - Parsing relationship: /_rels/.rels
[DEBUG] 2022-10-20 18:52:36.349 [main] PackageRelationshipCollection - Parsing relationship: /xl/_rels/workbook.xml.rels
[DEBUG] 2022-10-20 18:52:36.349 [main] PackageRelationshipCollection - Parsing relationship: /_rels/.rels
[DEBUG] 2022-10-20 18:52:36.380 [main] PackageRelationshipCollection - Parsing relationship: /xl/_rels/workbook.xml.rels
[DEBUG] 2022-10-20 18:52:36.380 [main] PackageRelationshipCollection - Parsing relationship: /_rels/.rels
Name of test method started:purchaseProduct
Name of test method skipped:purchaseProduct
]]></system-out>
  </testcase>
</testsuite>