<?xml version="1.0" encoding="UTF-8"?>
<!-- Generated by org.testng.reporters.JUnitXMLReporter -->
<testsuite hostname="LAPTOP-41741T4J" ignored="3" name="test" tests="3" failures="0" timestamp="2022-09-12T19:20:28 IST" time="0.078" errors="0">
  <testcase name="Addition" time="0.011" classname="dataProvider.GroupExample"/>
  <testcase name="Modulus" time="0.001" classname="dataProvider.GroupExample"/>
  <testcase name="Multiplication" time="0.001" classname="dataProvider.GroupExample"/>
  <testcase name="Substraction" time="0.0" classname="dataProvider.GroupExample">
    <ignored/>
  </testcase> <!-- Substraction -->
  <testcase name="Percentage" time="0.0" classname="dataProvider.GroupExample">
    <ignored/>
  </testcase> <!-- Percentage -->
  <testcase name="Division" time="0.0" classname="dataProvider.GroupExample">
    <ignored/>
  </testcase> <!-- Division -->
</testsuite> <!-- test -->
